#
# There is insufficient memory for the Java Runtime Environment to continue.
# Native memory allocation (malloc) failed to allocate 1048576 bytes for AllocateHeap
# Possible reasons:
#   The system is out of physical RAM or swap space
#   In 32 bit mode, the process size limit was hit
# Possible solutions:
#   Reduce memory load on the system
#   Increase physical memory or swap space
#   Check if swap backing store is full
#   Use 64 bit Java on a 64 bit OS
#   Decrease Java heap size (-Xmx/-Xms)
#   Decrease number of Java threads
#   Decrease Java thread stack sizes (-Xss)
#   Set larger code cache with -XX:ReservedCodeCacheSize=
# This output file may be truncated or incomplete.
#
#  Out of Memory Error (memory/allocation.inline.hpp:61), pid=6280, tid=5552
#
# JRE version:  (8.0_60-b27) (build )
# Java VM: Java HotSpot(TM) 64-Bit Server VM (25.60-b23 mixed mode windows-amd64 compressed oops)
# Failed to write core dump. Minidumps are not enabled by default on client versions of Windows
#

---------------  T H R E A D  ---------------

Current thread (0x000000000295e000):  JavaThread "Unknown thread" [_thread_in_vm, id=5552, stack(0x0000000002850000,0x0000000002950000)]

Stack: [0x0000000002850000,0x0000000002950000]
[error occurred during error reporting (printing stack bounds), id 0xc0000005]

Native frames: (J=compiled Java code, j=interpreted, Vv=VM code, C=native code)


---------------  P R O C E S S  ---------------

Java Threads: ( => current thread )

Other Threads:

=>0x000000000295e000 (exited) JavaThread "Unknown thread" [_thread_in_vm, id=5552, stack(0x0000000002850000,0x0000000002950000)]

VM state:not at safepoint (normal execution)

VM Mutex/Monitor currently owned by a thread: None

Heap:
 PSYoungGen      total 38400K, used 665K [0x00000000eab00000, 0x00000000ed580000, 0x0000000100000000)
  eden space 33280K, 2% used [0x00000000eab00000,0x00000000eaba6670,0x00000000ecb80000)
  from space 5120K, 0% used [0x00000000ed080000,0x00000000ed080000,0x00000000ed580000)
  to   space 5120K, 0% used [0x00000000ecb80000,0x00000000ecb80000,0x00000000ed080000)
 ParOldGen       total 87552K, used 0K [0x00000000c0000000, 0x00000000c5580000, 0x00000000eab00000)
  object space 87552K, 0% used [0x00000000c0000000,0x00000000c0000000,0x00000000c5580000)
 Metaspace       used 767K, capacity 4480K, committed 4480K, reserved 1056768K
  class space    used 75K, capacity 384K, committed 384K, reserved 1048576K

Card table byte_map: [0x0000000011e20000,0x0000000012030000] byte_map_base: 0x0000000011820000

Marking Bits: (ParMarkBitMap*) 0x0000000057fda5b0
 Begin Bits: [0x0000000012590000, 0x0000000013590000)
 End Bits:   [0x0000000013590000, 0x0000000014590000)

Polling page: 0x0000000000c80000

CodeCache: size=245760Kb used=328Kb max_used=328Kb free=245431Kb
 bounds [0x0000000002a60000, 0x0000000002cd0000, 0x0000000011a60000]
 total_blobs=57 nmethods=0 adapters=37
 compilation: enabled

Compilation events (0 events):
No events

GC Heap History (0 events):
No events

Deoptimization events (0 events):
No events

Internal exceptions (0 events):
No events

Events (10 events):
Event: 0.317 loading class java/lang/Short
Event: 0.317 loading class java/lang/Short done
Event: 0.317 loading class java/lang/Integer
Event: 0.317 loading class java/lang/Integer done
Event: 0.317 loading class java/lang/Long
Event: 0.317 loading class java/lang/Long done
Event: 0.318 loading class java/lang/NullPointerException
Event: 0.318 loading class java/lang/NullPointerException done
Event: 0.318 loading class java/lang/ArithmeticException
Event: 0.318 loading class java/lang/ArithmeticException done


Dynamic libraries:
0x00007ff6ce7e0000 - 0x00007ff6ce817000 	C:\Program Files\Java\jdk1.8.0_60\bin\java.exe
0x00007ffb6ed50000 - 0x00007ffb6eefd000 	C:\windows\SYSTEM32\ntdll.dll
0x00007ffb6c5d0000 - 0x00007ffb6c70e000 	C:\windows\system32\KERNEL32.DLL
0x00007ffb6c2c0000 - 0x00007ffb6c3d5000 	C:\windows\system32\KERNELBASE.dll
0x00007ffb6aa50000 - 0x00007ffb6aade000 	C:\windows\system32\apphelp.dll
0x00007ffb53200000 - 0x00007ffb53253000 	C:\windows\AppPatch\AppPatch64\AcGenral.DLL
0x00007ffb6cb30000 - 0x00007ffb6cbda000 	C:\windows\system32\msvcrt.dll
0x00007ffb6c290000 - 0x00007ffb6c2be000 	C:\windows\system32\SspiCli.dll
0x00007ffb6d320000 - 0x00007ffb6d374000 	C:\windows\system32\SHLWAPI.dll
0x00007ffb6ebd0000 - 0x00007ffb6ed47000 	C:\windows\system32\USER32.dll
0x00007ffb6d4f0000 - 0x00007ffb6d684000 	C:\windows\system32\ole32.dll
0x00007ffb6d6a0000 - 0x00007ffb6ebca000 	C:\windows\system32\SHELL32.dll
0x00007ffb6b4d0000 - 0x00007ffb6b4f1000 	C:\windows\SYSTEM32\USERENV.dll
0x00007ffb6c930000 - 0x00007ffb6c9da000 	C:\windows\system32\ADVAPI32.dll
0x00007ffb620b0000 - 0x00007ffb620ce000 	C:\windows\SYSTEM32\MPR.dll
0x00007ffb6cec0000 - 0x00007ffb6d000000 	C:\windows\system32\RPCRT4.dll
0x00007ffb6cd40000 - 0x00007ffb6cd99000 	C:\windows\SYSTEM32\sechost.dll
0x00007ffb6c710000 - 0x00007ffb6c921000 	C:\windows\SYSTEM32\combase.dll
0x00007ffb6c9e0000 - 0x00007ffb6cb30000 	C:\windows\system32\GDI32.dll
0x00007ffb6be80000 - 0x00007ffb6be95000 	C:\windows\SYSTEM32\profapi.dll
0x00007ffb69d80000 - 0x00007ffb69e32000 	C:\windows\SYSTEM32\SHCORE.dll
0x00007ffb6c590000 - 0x00007ffb6c5c6000 	C:\windows\system32\IMM32.DLL
0x00007ffb6cbe0000 - 0x00007ffb6cd32000 	C:\windows\system32\MSCTF.dll
0x00007ffb698d0000 - 0x00007ffb69b4b000 	C:\windows\WinSxS\amd64_microsoft.windows.common-controls_6595b64144ccf1df_6.0.9600.18006_none_623f33d3ecbe86e8\COMCTL32.dll
0x0000000058f40000 - 0x0000000059012000 	C:\Program Files\Java\jdk1.8.0_60\jre\bin\msvcr100.dll
0x00000000577d0000 - 0x0000000058059000 	C:\Program Files\Java\jdk1.8.0_60\jre\bin\server\jvm.dll
0x00007ffb66a70000 - 0x00007ffb66a79000 	C:\windows\SYSTEM32\WSOCK32.dll
0x00007ffb62140000 - 0x00007ffb62162000 	C:\windows\SYSTEM32\WINMM.dll
0x00007ffb677d0000 - 0x00007ffb677da000 	C:\windows\SYSTEM32\VERSION.dll
0x00007ffb6d250000 - 0x00007ffb6d257000 	C:\windows\system32\PSAPI.DLL
0x00007ffb6d1e0000 - 0x00007ffb6d23a000 	C:\windows\system32\WS2_32.dll
0x00007ffb62110000 - 0x00007ffb6213a000 	C:\windows\SYSTEM32\WINMMBASE.dll
0x00007ffb6d690000 - 0x00007ffb6d699000 	C:\windows\system32\NSI.dll
0x00007ffb6c240000 - 0x00007ffb6c28f000 	C:\windows\SYSTEM32\cfgmgr32.dll
0x00007ffb6acb0000 - 0x00007ffb6acd8000 	C:\windows\SYSTEM32\DEVOBJ.dll
0x00000000593b0000 - 0x00000000593bf000 	C:\Program Files\Java\jdk1.8.0_60\jre\bin\verify.dll
0x0000000059380000 - 0x00000000593a9000 	C:\Program Files\Java\jdk1.8.0_60\jre\bin\java.dll
0x0000000059360000 - 0x0000000059376000 	C:\Program Files\Java\jdk1.8.0_60\jre\bin\zip.dll

VM Arguments:
jvm_args: -Djava.awt.headless=true -Xmx1024M -Dfile.encoding=GBK -Duser.country=CN -Duser.language=zh -Duser.variant 
java_command: com.android.dx.command.Main --dex --force-jumbo --num-threads=4 --multi-dex --output D:\YouyunSample\app\build\intermediates\transforms\dex\debug\folders\1000\10\support-annotations-23.4.0_030efa3d6e7cb20db1f3108030a7255d5612d6aa D:\tools\android\studio\sdk\extras\android\m2repository\com\android\support\support-annotations\23.4.0\support-annotations-23.4.0.jar
java_class_path (initial): D:\tools\android\studio\sdk\build-tools\23.0.2\lib\dx.jar
Launcher Type: SUN_STANDARD

Environment Variables:
JAVA_HOME=C:\Program Files\Java\jdk1.8.0_60
CLASSPATH=.;C:\Program Files\Java\jdk1.8.0_60\lib;C:\Program Files\Java\jdk1.8.0_60\lib\tools.jar
PATH=C:\ProgramData\Oracle\Java\javapath;C:\Program Files (x86)\Intel\iCLS Client\;C:\Program Files\Intel\iCLS Client\;C:\windows\system32;C:\windows;C:\windows\System32\Wbem;C:\windows\System32\WindowsPowerShell\v1.0\;C:\Program Files\Intel\Intel(R) Management Engine Components\DAL;C:\Program Files (x86)\Intel\Intel(R) Management Engine Components\DAL;C:\Program Files\Intel\Intel(R) Management Engine Components\IPT;C:\Program Files (x86)\Intel\Intel(R) Management Engine Components\IPT;C:\Program Files (x86)\ATI Technologies\ATI.ACE\Core-Static;C:\ProgramData\Lenovo\ReadyApps;D:\tools\android\eclipse\adt-bundle-windows-x86_64-20140321\platform-tools;C:\Program Files\nodejs\;C:\Program Files\Java\jdk1.8.0_60\bin;C:\Program Files\Java\jdk1.8.0_60\jre\bin;C:\Program Files\nodejs\node_globa
USERNAME=ню╠К
OS=Windows_NT
PROCESSOR_IDENTIFIER=Intel64 Family 6 Model 69 Stepping 1, GenuineIntel



---------------  S Y S T E M  ---------------

OS: Windows 8.1 , 64 bit Build 9600 (6.3.9600.17415)

CPU:total 4 (2 cores per cpu, 2 threads per core) family 6 model 69 stepping 1, cmov, cx8, fxsr, mmx, sse, sse2, sse3, ssse3, sse4.1, sse4.2, popcnt, avx, avx2, aes, clmul, erms, lzcnt, ht, tsc, tscinvbit, bmi1, bmi2

Memory: 4k page, physical 8310040k(1753444k free), swap 8310040k(580096k free)

vm_info: Java HotSpot(TM) 64-Bit Server VM (25.60-b23) for windows-amd64 JRE (1.8.0_60-b27), built on Aug  4 2015 11:06:27 by "java_re" with MS VC++ 10.0 (VS2010)

time: Thu Jun 02 15:25:53 2016
elapsed time: 0 seconds (0d 0h 0m 0s)

