#
# There is insufficient memory for the Java Runtime Environment to continue.
# Native memory allocation (malloc) failed to allocate 936096 bytes for Chunk::new
# Possible reasons:
#   The system is out of physical RAM or swap space
#   In 32 bit mode, the process size limit was hit
# Possible solutions:
#   Reduce memory load on the system
#   Increase physical memory or swap space
#   Check if swap backing store is full
#   Use 64 bit Java on a 64 bit OS
#   Decrease Java heap size (-Xmx/-Xms)
#   Decrease number of Java threads
#   Decrease Java thread stack sizes (-Xss)
#   Set larger code cache with -XX:ReservedCodeCacheSize=
# This output file may be truncated or incomplete.
#
#  Out of Memory Error (allocation.cpp:390), pid=10352, tid=10532
#
# JRE version: Java(TM) SE Runtime Environment (8.0_60-b27) (build 1.8.0_60-b27)
# Java VM: Java HotSpot(TM) 64-Bit Server VM (25.60-b23 mixed mode windows-amd64 compressed oops)
# Failed to write core dump. Minidumps are not enabled by default on client versions of Windows
#

---------------  T H R E A D  ---------------

Current thread (0x0000000014d6c000):  JavaThread "C2 CompilerThread0" daemon [_thread_in_native, id=10532, stack(0x0000000016270000,0x0000000016370000)]

Stack: [0x0000000016270000,0x0000000016370000]
[error occurred during error reporting (printing stack bounds), id 0xc0000005]

Native frames: (J=compiled Java code, j=interpreted, Vv=VM code, C=native code)


Current CompileTask:
C2:  10115 2354 %     4       com.android.dx.dex.code.LocalList::make @ 16 (102 bytes)


---------------  P R O C E S S  ---------------

Java Threads: ( => current thread )
  0x0000000016b7c800 JavaThread "pool-1-thread-1" [_thread_in_vm, id=1980, stack(0x0000000017470000,0x0000000017570000)]
  0x00000000163d1800 JavaThread "Service Thread" daemon [_thread_blocked, id=2356, stack(0x0000000016970000,0x0000000016a70000)]
  0x00000000163cb800 JavaThread "C1 CompilerThread2" daemon [_thread_blocked, id=7240, stack(0x0000000016870000,0x0000000016970000)]
  0x00000000163c5800 JavaThread "C2 CompilerThread1" daemon [_thread_in_native, id=6624, stack(0x0000000016770000,0x0000000016870000)]
=>0x0000000014d6c000 JavaThread "C2 CompilerThread0" daemon [_thread_in_native, id=10532, stack(0x0000000016270000,0x0000000016370000)]
  0x0000000014d1f000 JavaThread "Attach Listener" daemon [_thread_blocked, id=4256, stack(0x0000000016170000,0x0000000016270000)]
  0x0000000014d1e000 JavaThread "Signal Dispatcher" daemon [_thread_blocked, id=1304, stack(0x0000000016070000,0x0000000016170000)]
  0x0000000002636000 JavaThread "Finalizer" daemon [_thread_blocked, id=11048, stack(0x0000000015f70000,0x0000000016070000)]
  0x000000000262d000 JavaThread "Reference Handler" daemon [_thread_blocked, id=10984, stack(0x0000000015e70000,0x0000000015f70000)]
  0x000000000096e000 JavaThread "main" [_thread_blocked, id=8224, stack(0x00000000020a0000,0x00000000021a0000)]

Other Threads:
  0x0000000014cd8000 VMThread [stack: 0x0000000015d70000,0x0000000015e70000] [id=6984]
  0x000000001643d800 WatcherThread [stack: 0x0000000016a70000,0x0000000016b70000] [id=6268]

VM state:not at safepoint (normal execution)

VM Mutex/Monitor currently owned by a thread: None

Heap:
 PSYoungGen      total 138240K, used 11384K [0x00000000eab00000, 0x00000000fe000000, 0x0000000100000000)
  eden space 133120K, 4% used [0x00000000eab00000,0x00000000eb120238,0x00000000f2d00000)
  from space 5120K, 99% used [0x00000000f2d00000,0x00000000f31fe0c0,0x00000000f3200000)
  to   space 25088K, 0% used [0x00000000fc780000,0x00000000fc780000,0x00000000fe000000)
 ParOldGen       total 87552K, used 43160K [0x00000000c0000000, 0x00000000c5580000, 0x00000000eab00000)
  object space 87552K, 49% used [0x00000000c0000000,0x00000000c2a26370,0x00000000c5580000)
 Metaspace       used 6808K, capacity 7480K, committed 7680K, reserved 1056768K
  class space    used 645K, capacity 688K, committed 768K, reserved 1048576K

Card table byte_map: [0x0000000011a00000,0x0000000011c10000] byte_map_base: 0x0000000011400000

Marking Bits: (ParMarkBitMap*) 0x0000000057fda5b0
 Begin Bits: [0x0000000012170000, 0x0000000013170000)
 End Bits:   [0x0000000013170000, 0x0000000014170000)

Polling page: 0x00000000007c0000

CodeCache: size=245760Kb used=9967Kb max_used=9979Kb free=235792Kb
 bounds [0x0000000002640000, 0x0000000003010000, 0x0000000011640000]
 total_blobs=2552 nmethods=2280 adapters=184
 compilation: enabled

Compilation events (10 events):
Event: 10.095 Thread 0x00000000163c5800 nmethod 2365 0x0000000003005650 code [0x00000000030057e0, 0x0000000003005e48]
Event: 10.096 Thread 0x00000000163c5800 2366       4       com.android.dx.dex.code.OutputFinisher::assignAddresses (51 bytes)
Event: 10.099 Thread 0x00000000163c5800 nmethod 2366 0x0000000003000d90 code [0x0000000003000ee0, 0x00000000030010d8]
Event: 10.099 Thread 0x00000000163c5800 2367   !   4       com.android.dx.dex.code.OutputFinisher::fixBranches (234 bytes)
Event: 10.099 Thread 0x00000000163cb800 2368       3       com.android.dx.dex.code.LocalList$MakeState::endLocal (51 bytes)
Event: 10.100 Thread 0x00000000163cb800 nmethod 2368 0x0000000002ffce50 code [0x0000000002ffd020, 0x0000000002ffd808]
Event: 10.105 Thread 0x00000000163c5800 nmethod 2367 0x0000000003008110 code [0x0000000003008280, 0x00000000030086b8]
Event: 10.105 Thread 0x00000000163cb800 2369       3       com.android.dx.dex.code.LocalList$MakeState::endLocal (10 bytes)
Event: 10.106 Thread 0x00000000163cb800 nmethod 2369 0x0000000002ffca90 code [0x0000000002ffcc00, 0x0000000002ffcd88]
Event: 10.106 Thread 0x00000000163c5800 2370       4       com.android.dx.dex.code.OutputFinisher::assignIndices (46 bytes)

GC Heap History (10 events):
Event: 2.379 GC heap before
{Heap before GC invocations=1 (full 0):
 PSYoungGen      total 38400K, used 33280K [0x00000000eab00000, 0x00000000ed580000, 0x0000000100000000)
  eden space 33280K, 100% used [0x00000000eab00000,0x00000000ecb80000,0x00000000ecb80000)
  from space 5120K, 0% used [0x00000000ed080000,0x00000000ed080000,0x00000000ed580000)
  to   space 5120K, 0% used [0x00000000ecb80000,0x00000000ecb80000,0x00000000ed080000)
 ParOldGen       total 87552K, used 0K [0x00000000c0000000, 0x00000000c5580000, 0x00000000eab00000)
  object space 87552K, 0% used [0x00000000c0000000,0x00000000c0000000,0x00000000c5580000)
 Metaspace       used 6026K, capacity 6902K, committed 7040K, reserved 1056768K
  class space    used 606K, capacity 622K, committed 640K, reserved 1048576K
Event: 2.427 GC heap after
Heap after GC invocations=1 (full 0):
 PSYoungGen      total 38400K, used 5104K [0x00000000eab00000, 0x00000000ef600000, 0x0000000100000000)
  eden space 33280K, 0% used [0x00000000eab00000,0x00000000eab00000,0x00000000ecb80000)
  from space 5120K, 99% used [0x00000000ecb80000,0x00000000ed07c130,0x00000000ed080000)
  to   space 5120K, 0% used [0x00000000ef100000,0x00000000ef100000,0x00000000ef600000)
 ParOldGen       total 87552K, used 1349K [0x00000000c0000000, 0x00000000c5580000, 0x00000000eab00000)
  object space 87552K, 1% used [0x00000000c0000000,0x00000000c01515e0,0x00000000c5580000)
 Metaspace       used 6026K, capacity 6902K, committed 7040K, reserved 1056768K
  class space    used 606K, capacity 622K, committed 640K, reserved 1048576K
}
Event: 3.093 GC heap before
{Heap before GC invocations=2 (full 0):
 PSYoungGen      total 38400K, used 38384K [0x00000000eab00000, 0x00000000ef600000, 0x0000000100000000)
  eden space 33280K, 100% used [0x00000000eab00000,0x00000000ecb80000,0x00000000ecb80000)
  from space 5120K, 99% used [0x00000000ecb80000,0x00000000ed07c130,0x00000000ed080000)
  to   space 5120K, 0% used [0x00000000ef100000,0x00000000ef100000,0x00000000ef600000)
 ParOldGen       total 87552K, used 1349K [0x00000000c0000000, 0x00000000c5580000, 0x00000000eab00000)
  object space 87552K, 1% used [0x00000000c0000000,0x00000000c01515e0,0x00000000c5580000)
 Metaspace       used 6225K, capacity 7094K, committed 7296K, reserved 1056768K
  class space    used 607K, capacity 622K, committed 640K, reserved 1048576K
Event: 3.184 GC heap after
Heap after GC invocations=2 (full 0):
 PSYoungGen      total 71680K, used 5111K [0x00000000eab00000, 0x00000000ef600000, 0x0000000100000000)
  eden space 66560K, 0% used [0x00000000eab00000,0x00000000eab00000,0x00000000eec00000)
  from space 5120K, 99% used [0x00000000ef100000,0x00000000ef5fde20,0x00000000ef600000)
  to   space 5120K, 0% used [0x00000000eec00000,0x00000000eec00000,0x00000000ef100000)
 ParOldGen       total 87552K, used 5822K [0x00000000c0000000, 0x00000000c5580000, 0x00000000eab00000)
  object space 87552K, 6% used [0x00000000c0000000,0x00000000c05afbf0,0x00000000c5580000)
 Metaspace       used 6225K, capacity 7094K, committed 7296K, reserved 1056768K
  class space    used 607K, capacity 622K, committed 640K, reserved 1048576K
}
Event: 4.182 GC heap before
{Heap before GC invocations=3 (full 0):
 PSYoungGen      total 71680K, used 71671K [0x00000000eab00000, 0x00000000ef600000, 0x0000000100000000)
  eden space 66560K, 100% used [0x00000000eab00000,0x00000000eec00000,0x00000000eec00000)
  from space 5120K, 99% used [0x00000000ef100000,0x00000000ef5fde20,0x00000000ef600000)
  to   space 5120K, 0% used [0x00000000eec00000,0x00000000eec00000,0x00000000ef100000)
 ParOldGen       total 87552K, used 5822K [0x00000000c0000000, 0x00000000c5580000, 0x00000000eab00000)
  object space 87552K, 6% used [0x00000000c0000000,0x00000000c05afbf0,0x00000000c5580000)
 Metaspace       used 6306K, capacity 7158K, committed 7296K, reserved 1056768K
  class space    used 607K, capacity 622K, committed 640K, reserved 1048576K
Event: 4.241 GC heap after
Heap after GC invocations=3 (full 0):
 PSYoungGen      total 71680K, used 5115K [0x00000000eab00000, 0x00000000f3700000, 0x0000000100000000)
  eden space 66560K, 0% used [0x00000000eab00000,0x00000000eab00000,0x00000000eec00000)
  from space 5120K, 99% used [0x00000000eec00000,0x00000000ef0fec08,0x00000000ef100000)
  to   space 5120K, 0% used [0x00000000f3200000,0x00000000f3200000,0x00000000f3700000)
 ParOldGen       total 87552K, used 15556K [0x00000000c0000000, 0x00000000c5580000, 0x00000000eab00000)
  object space 87552K, 17% used [0x00000000c0000000,0x00000000c0f31038,0x00000000c5580000)
 Metaspace       used 6306K, capacity 7158K, committed 7296K, reserved 1056768K
  class space    used 607K, capacity 622K, committed 640K, reserved 1048576K
}
Event: 4.673 GC heap before
{Heap before GC invocations=4 (full 0):
 PSYoungGen      total 71680K, used 71675K [0x00000000eab00000, 0x00000000f3700000, 0x0000000100000000)
  eden space 66560K, 100% used [0x00000000eab00000,0x00000000eec00000,0x00000000eec00000)
  from space 5120K, 99% used [0x00000000eec00000,0x00000000ef0fec08,0x00000000ef100000)
  to   space 5120K, 0% used [0x00000000f3200000,0x00000000f3200000,0x00000000f3700000)
 ParOldGen       total 87552K, used 15556K [0x00000000c0000000, 0x00000000c5580000, 0x00000000eab00000)
  object space 87552K, 17% used [0x00000000c0000000,0x00000000c0f31038,0x00000000c5580000)
 Metaspace       used 6431K, capacity 7192K, committed 7424K, reserved 1056768K
  class space    used 627K, capacity 656K, committed 768K, reserved 1048576K
Event: 4.715 GC heap after
Heap after GC invocations=4 (full 0):
 PSYoungGen      total 138240K, used 5099K [0x00000000eab00000, 0x00000000f3700000, 0x0000000100000000)
  eden space 133120K, 0% used [0x00000000eab00000,0x00000000eab00000,0x00000000f2d00000)
  from space 5120K, 99% used [0x00000000f3200000,0x00000000f36faed0,0x00000000f3700000)
  to   space 5120K, 0% used [0x00000000f2d00000,0x00000000f2d00000,0x00000000f3200000)
 ParOldGen       total 87552K, used 24870K [0x00000000c0000000, 0x00000000c5580000, 0x00000000eab00000)
  object space 87552K, 28% used [0x00000000c0000000,0x00000000c1849830,0x00000000c5580000)
 Metaspace       used 6431K, capacity 7192K, committed 7424K, reserved 1056768K
  class space    used 627K, capacity 656K, committed 768K, reserved 1048576K
}
Event: 7.413 GC heap before
{Heap before GC invocations=5 (full 0):
 PSYoungGen      total 138240K, used 138219K [0x00000000eab00000, 0x00000000f3700000, 0x0000000100000000)
  eden space 133120K, 100% used [0x00000000eab00000,0x00000000f2d00000,0x00000000f2d00000)
  from space 5120K, 99% used [0x00000000f3200000,0x00000000f36faed0,0x00000000f3700000)
  to   space 5120K, 0% used [0x00000000f2d00000,0x00000000f2d00000,0x00000000f3200000)
 ParOldGen       total 87552K, used 24870K [0x00000000c0000000, 0x00000000c5580000, 0x00000000eab00000)
  object space 87552K, 28% used [0x00000000c0000000,0x00000000c1849830,0x00000000c5580000)
 Metaspace       used 6596K, capacity 7256K, committed 7424K, reserved 1056768K
  class space    used 632K, capacity 656K, committed 768K, reserved 1048576K
Event: 7.523 GC heap after
Heap after GC invocations=5 (full 0):
 PSYoungGen      total 138240K, used 5112K [0x00000000eab00000, 0x00000000fe000000, 0x0000000100000000)
  eden space 133120K, 0% used [0x00000000eab00000,0x00000000eab00000,0x00000000f2d00000)
  from space 5120K, 99% used [0x00000000f2d00000,0x00000000f31fe0c0,0x00000000f3200000)
  to   space 25088K, 0% used [0x00000000fc780000,0x00000000fc780000,0x00000000fe000000)
 ParOldGen       total 87552K, used 43160K [0x00000000c0000000, 0x00000000c5580000, 0x00000000eab00000)
  object space 87552K, 49% used [0x00000000c0000000,0x00000000c2a26370,0x00000000c5580000)
 Metaspace       used 6596K, capacity 7256K, committed 7424K, reserved 1056768K
  class space    used 632K, capacity 656K, committed 768K, reserved 1048576K
}

Deoptimization events (10 events):
Event: 7.132 Thread 0x0000000016b7c800 Uncommon trap: reason=class_check action=maybe_recompile pc=0x0000000002b05288 method=java.util.Arrays.hashCode([Ljava/lang/Object;)I @ 43
Event: 7.132 Thread 0x0000000016b7c800 Uncommon trap: reason=class_check action=maybe_recompile pc=0x0000000002b05288 method=java.util.Arrays.hashCode([Ljava/lang/Object;)I @ 43
Event: 7.132 Thread 0x0000000016b7c800 Uncommon trap: reason=class_check action=maybe_recompile pc=0x0000000002afa534 method=java.util.Arrays.hashCode([Ljava/lang/Object;)I @ 43
Event: 9.088 Thread 0x0000000016b7c800 Uncommon trap: reason=speculate_class_check action=maybe_recompile pc=0x00000000029aadf8 method=com.android.dx.util.FixedSizeList.equals(Ljava/lang/Object;)Z @ 25
Event: 9.088 Thread 0x0000000016b7c800 Uncommon trap: reason=unstable_if action=reinterpret pc=0x00000000029bd7c4 method=java.util.Arrays.equals([Ljava/lang/Object;[Ljava/lang/Object;)Z @ 23
Event: 9.127 Thread 0x0000000016b7c800 Uncommon trap: reason=speculate_class_check action=maybe_recompile pc=0x00000000029aadf8 method=com.android.dx.util.FixedSizeList.equals(Ljava/lang/Object;)Z @ 25
Event: 9.127 Thread 0x0000000016b7c800 Uncommon trap: reason=speculate_class_check action=maybe_recompile pc=0x00000000029aadf8 method=com.android.dx.util.FixedSizeList.equals(Ljava/lang/Object;)Z @ 25
Event: 9.127 Thread 0x0000000016b7c800 Uncommon trap: reason=speculate_class_check action=maybe_recompile pc=0x00000000029aadf8 method=com.android.dx.util.FixedSizeList.equals(Ljava/lang/Object;)Z @ 25
Event: 9.962 Thread 0x0000000016b7c800 Uncommon trap: reason=unstable_if action=reinterpret pc=0x0000000002eb66f0 method=java.util.TreeMap.put(Ljava/lang/Object;Ljava/lang/Object;)Ljava/lang/Object; @ 163
Event: 9.973 Thread 0x0000000016b7c800 Uncommon trap: reason=unstable_if action=reinterpret pc=0x0000000002fb1f4c method=com.android.dx.rop.code.RegisterSpec.matchesVariable(Lcom/android/dx/rop/code/RegisterSpec;)Z @ 59

Internal exceptions (5 events):
Event: 0.059 Thread 0x000000000096e000 Exception <a 'java/lang/NoSuchMethodError': Method sun.misc.Unsafe.defineClass(Ljava/lang/String;[BII)Ljava/lang/Class; name or signature does not match> (0x00000000eab12c48) thrown at [C:\re\workspace\8-2-build-windows-amd64-cygwin\jdk8u60\4407\hotspot\sr6²{T®?
Event: 0.059 Thread 0x000000000096e000 Exception <a 'java/lang/NoSuchMethodError': Method sun.misc.Unsafe.prefetchRead(Ljava/lang/Object;J)V name or signature does not match> (0x00000000eab12f30) thrown at [C:\re\workspace\8-2-build-windows-amd64-cygwin\jdk8u60\4407\hotspot\src\share\vm\prims\j…r¿™²Ü@
Event: 4.466 Thread 0x000000000096e000 Exception <a 'java/lang/ArrayIndexOutOfBoundsException': 18> (0x00000000ecf77e58) thrown at [C:\re\workspace\8-2-build-windows-amd64-cygwin\jdk8u60\4407\hotspot\src\share\vm\interpreter\interpreterRuntime.cpp, line 366]
Event: 4.466 Thread 0x000000000096e000 Exception <a 'java/lang/ArrayIndexOutOfBoundsException': 145> (0x00000000ecf799d8) thrown at [C:\re\workspace\8-2-build-windows-amd64-cygwin\jdk8u60\4407\hotspot\src\share\vm\interpreter\interpreterRuntime.cpp, line 366]
Event: 4.467 Thread 0x000000000096e000 Exception <a 'java/lang/ArrayIndexOutOfBoundsException'> (0x00000000ecf7acc0) thrown at [C:\re\workspace\8-2-build-windows-amd64-cygwin\jdk8u60\4407\hotspot\src\share\vm\runtime\sharedRuntime.cpp, line 605]

Events (10 events):
Event: 10.003 Thread 0x0000000016b7c800 DEOPT PACKING pc=0x0000000002f9eac2 sp=0x000000001756e930
Event: 10.003 Thread 0x0000000016b7c800 DEOPT UNPACKING pc=0x000000000268787f sp=0x000000001756e6e8 mode 0
Event: 10.006 Thread 0x0000000016b7c800 DEOPT PACKING pc=0x0000000002f9ba9e sp=0x000000001756e890
Event: 10.006 Thread 0x0000000016b7c800 DEOPT UNPACKING pc=0x000000000268787f sp=0x000000001756e5e8 mode 0
Event: 10.012 Thread 0x0000000016b7c800 DEOPT PACKING pc=0x0000000002f9eac2 sp=0x000000001756e930
Event: 10.012 Thread 0x0000000016b7c800 DEOPT UNPACKING pc=0x000000000268787f sp=0x000000001756e6e8 mode 0
Event: 10.014 Thread 0x0000000016b7c800 DEOPT PACKING pc=0x0000000002f9ba9e sp=0x000000001756e890
Event: 10.014 Thread 0x0000000016b7c800 DEOPT UNPACKING pc=0x000000000268787f sp=0x000000001756e5e8 mode 0
Event: 10.083 Thread 0x0000000016b7c800 DEOPT PACKING pc=0x0000000002f9eac2 sp=0x000000001756e930
Event: 10.083 Thread 0x0000000016b7c800 DEOPT UNPACKING pc=0x000000000268787f sp=0x000000001756e6e8 mode 0


Dynamic libraries:
0x00007ff6ce7e0000 - 0x00007ff6ce817000 	C:\Program Files\Java\jdk1.8.0_60\bin\java.exe
0x00007ffb6ed50000 - 0x00007ffb6eefd000 	C:\windows\SYSTEM32\ntdll.dll
0x00007ffb6c5d0000 - 0x00007ffb6c70e000 	C:\windows\system32\KERNEL32.DLL
0x00007ffb6c2c0000 - 0x00007ffb6c3d5000 	C:\windows\system32\KERNELBASE.dll
0x00007ffb6aa50000 - 0x00007ffb6aade000 	C:\windows\system32\apphelp.dll
0x00007ffb53200000 - 0x00007ffb53253000 	C:\windows\AppPatch\AppPatch64\AcGenral.DLL
0x00007ffb6cb30000 - 0x00007ffb6cbda000 	C:\windows\system32\msvcrt.dll
0x00007ffb6c290000 - 0x00007ffb6c2be000 	C:\windows\system32\SspiCli.dll
0x00007ffb6d320000 - 0x00007ffb6d374000 	C:\windows\system32\SHLWAPI.dll
0x00007ffb6ebd0000 - 0x00007ffb6ed47000 	C:\windows\system32\USER32.dll
0x00007ffb6d4f0000 - 0x00007ffb6d684000 	C:\windows\system32\ole32.dll
0x00007ffb6d6a0000 - 0x00007ffb6ebca000 	C:\windows\system32\SHELL32.dll
0x00007ffb6b4d0000 - 0x00007ffb6b4f1000 	C:\windows\SYSTEM32\USERENV.dll
0x00007ffb6c930000 - 0x00007ffb6c9da000 	C:\windows\system32\ADVAPI32.dll
0x00007ffb620b0000 - 0x00007ffb620ce000 	C:\windows\SYSTEM32\MPR.dll
0x00007ffb6cec0000 - 0x00007ffb6d000000 	C:\windows\system32\RPCRT4.dll
0x00007ffb6cd40000 - 0x00007ffb6cd99000 	C:\windows\SYSTEM32\sechost.dll
0x00007ffb6c710000 - 0x00007ffb6c921000 	C:\windows\SYSTEM32\combase.dll
0x00007ffb6c9e0000 - 0x00007ffb6cb30000 	C:\windows\system32\GDI32.dll
0x00007ffb6be80000 - 0x00007ffb6be95000 	C:\windows\SYSTEM32\profapi.dll
0x00007ffb69d80000 - 0x00007ffb69e32000 	C:\windows\SYSTEM32\SHCORE.dll
0x00007ffb6c590000 - 0x00007ffb6c5c6000 	C:\windows\system32\IMM32.DLL
0x00007ffb6cbe0000 - 0x00007ffb6cd32000 	C:\windows\system32\MSCTF.dll
0x00007ffb698d0000 - 0x00007ffb69b4b000 	C:\windows\WinSxS\amd64_microsoft.windows.common-controls_6595b64144ccf1df_6.0.9600.18006_none_623f33d3ecbe86e8\COMCTL32.dll
0x0000000058f40000 - 0x0000000059012000 	C:\Program Files\Java\jdk1.8.0_60\jre\bin\msvcr100.dll
0x00000000577d0000 - 0x0000000058059000 	C:\Program Files\Java\jdk1.8.0_60\jre\bin\server\jvm.dll
0x00007ffb66a70000 - 0x00007ffb66a79000 	C:\windows\SYSTEM32\WSOCK32.dll
0x00007ffb62140000 - 0x00007ffb62162000 	C:\windows\SYSTEM32\WINMM.dll
0x00007ffb677d0000 - 0x00007ffb677da000 	C:\windows\SYSTEM32\VERSION.dll
0x00007ffb6d250000 - 0x00007ffb6d257000 	C:\windows\system32\PSAPI.DLL
0x00007ffb6d1e0000 - 0x00007ffb6d23a000 	C:\windows\system32\WS2_32.dll
0x00007ffb62110000 - 0x00007ffb6213a000 	C:\windows\SYSTEM32\WINMMBASE.dll
0x00007ffb6d690000 - 0x00007ffb6d699000 	C:\windows\system32\NSI.dll
0x00007ffb6c240000 - 0x00007ffb6c28f000 	C:\windows\SYSTEM32\cfgmgr32.dll
0x00007ffb6acb0000 - 0x00007ffb6acd8000 	C:\windows\SYSTEM32\DEVOBJ.dll
0x00000000593b0000 - 0x00000000593bf000 	C:\Program Files\Java\jdk1.8.0_60\jre\bin\verify.dll
0x0000000059380000 - 0x00000000593a9000 	C:\Program Files\Java\jdk1.8.0_60\jre\bin\java.dll
0x0000000059360000 - 0x0000000059376000 	C:\Program Files\Java\jdk1.8.0_60\jre\bin\zip.dll

VM Arguments:
jvm_args: -Djava.awt.headless=true -Xmx1024M -Dfile.encoding=GBK -Duser.country=CN -Duser.language=zh -Duser.variant 
java_command: com.android.dx.command.Main --dex --force-jumbo --num-threads=4 --multi-dex --output D:\YouyunSample\app\build\intermediates\transforms\dex\debug\folders\1000\10\com.android.support-appcompat-v7-23.4.0_d258e6884564dbcf9240cd43a5c853cde21460b7 D:\YouyunSample\app\build\intermediates\exploded-aar\com.android.support\appcompat-v7\23.4.0\jars\classes.jar
java_class_path (initial): D:\tools\android\studio\sdk\build-tools\23.0.2\lib\dx.jar
Launcher Type: SUN_STANDARD

Environment Variables:
JAVA_HOME=C:\Program Files\Java\jdk1.8.0_60
CLASSPATH=.;C:\Program Files\Java\jdk1.8.0_60\lib;C:\Program Files\Java\jdk1.8.0_60\lib\tools.jar
PATH=C:\ProgramData\Oracle\Java\javapath;C:\Program Files (x86)\Intel\iCLS Client\;C:\Program Files\Intel\iCLS Client\;C:\windows\system32;C:\windows;C:\windows\System32\Wbem;C:\windows\System32\WindowsPowerShell\v1.0\;C:\Program Files\Intel\Intel(R) Management Engine Components\DAL;C:\Program Files (x86)\Intel\Intel(R) Management Engine Components\DAL;C:\Program Files\Intel\Intel(R) Management Engine Components\IPT;C:\Program Files (x86)\Intel\Intel(R) Management Engine Components\IPT;C:\Program Files (x86)\ATI Technologies\ATI.ACE\Core-Static;C:\ProgramData\Lenovo\ReadyApps;D:\tools\android\eclipse\adt-bundle-windows-x86_64-20140321\platform-tools;C:\Program Files\nodejs\;C:\Program Files\Java\jdk1.8.0_60\bin;C:\Program Files\Java\jdk1.8.0_60\jre\bin;C:\Program Files\nodejs\node_globa
USERNAME=ÎÀ±ë
OS=Windows_NT
PROCESSOR_IDENTIFIER=Intel64 Family 6 Model 69 Stepping 1, GenuineIntel



---------------  S Y S T E M  ---------------

OS: Windows 8.1 , 64 bit Build 9600 (6.3.9600.17415)

CPU:total 4 (2 cores per cpu, 2 threads per core) family 6 model 69 stepping 1, cmov, cx8, fxsr, mmx, sse, sse2, sse3, ssse3, sse4.1, sse4.2, popcnt, avx, avx2, aes, clmul, erms, lzcnt, ht, tsc, tscinvbit, bmi1, bmi2

Memory: 4k page, physical 8310040k(1374300k free), swap 8310040k(5864k free)

vm_info: Java HotSpot(TM) 64-Bit Server VM (25.60-b23) for windows-amd64 JRE (1.8.0_60-b27), built on Aug  4 2015 11:06:27 by "java_re" with MS VC++ 10.0 (VS2010)

time: Thu Jun 02 15:26:03 2016
elapsed time: 10 seconds (0d 0h 0m 10s)

